<?xml version="1.0" encoding="UTF-8"?>
<!-- Generated by org.testng.reporters.JUnitReportReporter -->
<testsuite skipped="0" hostname="macbook-pro.lan" name="testcases.LoginTest" tests="1" failures="0" timestamp="2021-05-30T17:01:41 EDT" time="4.149" errors="0">
  <testcase name="adminLogin" time="4.149" classname="testcases.LoginTest"/>
  <system-out/>
</testsuite> <!-- testcases.LoginTest -->
